--2023-11-20 21:22:55--  ftp://ftp.ncbi.nlm.nih.gov/geo/series/GSE71nnn/GSE71770/soft/GSE71770_family.soft.gz
           => ‘/export/storage/users/diegocar/SpaceX/results/GSE71770_family.soft.gz’
Resolving ftp.ncbi.nlm.nih.gov (ftp.ncbi.nlm.nih.gov)... 130.14.250.13, 130.14.250.12, 2607:f220:41e:250::11, ...
Connecting to ftp.ncbi.nlm.nih.gov (ftp.ncbi.nlm.nih.gov)|130.14.250.13|:21... connected.
Logging in as anonymous ... Logged in!
==> SYST ... done.    ==> PWD ... done.
==> TYPE I ... done.  ==> CWD (1) /geo/series/GSE71nnn/GSE71770/soft ... done.
==> SIZE GSE71770_family.soft.gz ... 5895211
==> PASV ... done.    ==> RETR GSE71770_family.soft.gz ... done.
Length: 5895211 (5.6M) (unauthoritative)

     0K .......... .......... .......... .......... ..........  0%  195K 29s
    50K .......... .......... .......... .......... ..........  1%  596K 19s
   100K .......... .......... .......... .......... ..........  2% 11.1M 13s
   150K .......... .......... .......... .......... ..........  3%  629K 12s
   200K .......... .......... .......... .......... ..........  4% 11.5M 9s
   250K .......... .......... .......... .......... ..........  5% 11.1M 8s
   300K .......... .......... .......... .......... ..........  6% 11.4M 7s
   350K .......... .......... .......... .......... ..........  6%  206K 9s
   400K .......... .......... .......... .......... ..........  7% 79.0M 8s
   450K .......... .......... .......... .......... ..........  8% 88.1M 7s
   500K .......... .......... .......... .......... ..........  9% 81.0M 6s
   550K .......... .......... .......... .......... .......... 10% 93.6M 6s
   600K .......... .......... .......... .......... .......... 11% 95.3M 5s
   650K .......... .......... .......... .......... .......... 12% 90.8M 5s
   700K .......... .......... .......... .......... .......... 13% 85.8M 5s
   750K .......... .......... .......... .......... .......... 13% 94.3M 4s
   800K .......... .......... .......... .......... .......... 14% 89.2M 4s
   850K .......... .......... .......... .......... .......... 15% 65.5M 4s
   900K .......... .......... .......... .......... .......... 16% 5.56M 4s
   950K .......... .......... .......... .......... .......... 17% 7.36M 3s
  1000K .......... .......... .......... .......... .......... 18%  803K 3s
  1050K .......... .......... .......... .......... .......... 19% 6.34M 3s
  1100K .......... .......... .......... .......... .......... 19% 5.47M 3s
  1150K .......... .......... .......... .......... .......... 20% 8.13M 3s
  1200K .......... .......... .......... .......... .......... 21%  802K 3s
  1250K .......... .......... .......... .......... .......... 22% 6.20M 3s
  1300K .......... .......... .......... .......... .......... 23% 5.30M 3s
  1350K .......... .......... .......... .......... .......... 24% 9.29M 3s
  1400K .......... .......... .......... .......... .......... 25%  801K 3s
  1450K .......... .......... .......... .......... .......... 26% 5.88M 3s
  1500K .......... .......... .......... .......... .......... 26% 5.45M 3s
  1550K .......... .......... .......... .......... .......... 27% 10.0M 2s
  1600K .......... .......... .......... .......... .......... 28%  800K 3s
  1650K .......... .......... .......... .......... .......... 29% 6.09M 2s
  1700K .......... .......... .......... .......... .......... 30% 5.41M 2s
  1750K .......... .......... .......... .......... .......... 31% 9.93M 2s
  1800K .......... .......... .......... .......... .......... 32%  801K 2s
  1850K .......... .......... .......... .......... .......... 33% 6.15M 2s
  1900K .......... .......... .......... .......... .......... 33% 5.21M 2s
  1950K .......... .......... .......... .......... .......... 34% 10.6M 2s
  2000K .......... .......... .......... .......... .......... 35%  800K 2s
  2050K .......... .......... .......... .......... .......... 36% 6.28M 2s
  2100K .......... .......... .......... .......... .......... 37% 5.26M 2s
  2150K .......... .......... .......... .......... .......... 38% 10.8M 2s
  2200K .......... .......... .......... .......... .......... 39%  798K 2s
  2250K .......... .......... .......... .......... .......... 39% 5.67M 2s
  2300K .......... .......... .......... .......... .......... 40% 5.77M 2s
  2350K .......... .......... .......... .......... .......... 41% 11.0M 2s
  2400K .......... .......... .......... .......... .......... 42%  798K 2s
  2450K .......... .......... .......... .......... .......... 43% 6.34M 2s
  2500K .......... .......... .......... .......... .......... 44% 5.66M 2s
  2550K .......... .......... .......... .......... .......... 45% 9.62M 2s
  2600K .......... .......... .......... .......... .......... 46%  797K 2s
  2650K .......... .......... .......... .......... .......... 46% 6.92M 2s
  2700K .......... .......... .......... .......... .......... 47% 5.31M 2s
  2750K .......... .......... .......... .......... .......... 48% 9.74M 2s
  2800K .......... .......... .......... .......... .......... 49%  797K 2s
  2850K .......... .......... .......... .......... .......... 50% 8.70M 2s
  2900K .......... .......... .......... .......... .......... 51% 4.62M 1s
  2950K .......... .......... .......... .......... .......... 52% 9.85M 1s
  3000K .......... .......... .......... .......... .......... 52%  798K 1s
  3050K .......... .......... .......... .......... .......... 53% 8.62M 1s
  3100K .......... .......... .......... .......... .......... 54% 5.11M 1s
  3150K .......... .......... .......... .......... .......... 55% 8.56M 1s
  3200K .......... .......... .......... .......... .......... 56%  795K 1s
  3250K .......... .......... .......... .......... .......... 57% 8.68M 1s
  3300K .......... .......... .......... .......... .......... 58% 5.80M 1s
  3350K .......... .......... .......... .......... .......... 59% 6.51M 1s
  3400K .......... .......... .......... .......... .......... 59% 1.09M 1s
  3450K .......... .......... .......... .......... .......... 60% 2.13M 1s
  3500K .......... .......... .......... .......... .......... 61% 5.82M 1s
  3550K .......... .......... .......... .......... .......... 62% 6.56M 1s
  3600K .......... .......... .......... .......... .......... 63% 10.9M 1s
  3650K .......... .......... .......... .......... .......... 64%  793K 1s
  3700K .......... .......... .......... .......... .......... 65% 7.13M 1s
  3750K .......... .......... .......... .......... .......... 66% 5.43M 1s
  3800K .......... .......... .......... .......... .......... 66% 11.1M 1s
  3850K .......... .......... .......... .......... .......... 67%  805K 1s
  3900K .......... .......... .......... .......... .......... 68% 7.36M 1s
  3950K .......... .......... .......... .......... .......... 69% 5.21M 1s
  4000K .......... .......... .......... .......... .......... 70% 9.68M 1s
  4050K .......... .......... .......... .......... .......... 71%  803K 1s
  4100K .......... .......... .......... .......... .......... 72% 8.70M 1s
  4150K .......... .......... .......... .......... .......... 72% 5.33M 1s
  4200K .......... .......... .......... .......... .......... 73% 7.76M 1s
  4250K .......... .......... .......... .......... .......... 74% 1.09M 1s
  4300K .......... .......... .......... .......... .......... 75% 2.17M 1s
  4350K .......... .......... .......... .......... .......... 76% 6.19M 1s
  4400K .......... .......... .......... .......... .......... 77% 6.42M 1s
  4450K .......... .......... .......... .......... .......... 78% 10.7M 1s
  4500K .......... .......... .......... .......... .......... 79%  799K 1s
  4550K .......... .......... .......... .......... .......... 79% 7.30M 1s
  4600K .......... .......... .......... .......... .......... 80% 5.88M 1s
  4650K .......... .......... .......... .......... .......... 81% 9.94M 0s
  4700K .......... .......... .......... .......... .......... 82%  812K 0s
  4750K .......... .......... .......... .......... .......... 83% 9.23M 0s
  4800K .......... .......... .......... .......... .......... 84% 6.28M 0s
  4850K .......... .......... .......... .......... .......... 85% 6.82M 0s
  4900K .......... .......... .......... .......... .......... 85% 10.8M 0s
  4950K .......... .......... .......... .......... .......... 86%  803K 0s
  5000K .......... .......... .......... .......... .......... 87% 7.55M 0s
  5050K .......... .......... .......... .......... .......... 88% 6.59M 0s
  5100K .......... .......... .......... .......... .......... 89% 9.11M 0s
  5150K .......... .......... .......... .......... .......... 90%  814K 0s
  5200K .......... .......... .......... .......... .......... 91% 9.79M 0s
  5250K .......... .......... .......... .......... .......... 92% 7.73M 0s
  5300K .......... .......... .......... .......... .......... 92% 6.11M 0s
  5350K .......... .......... .......... .......... .......... 93% 10.8M 0s
  5400K .......... .......... .......... .......... .......... 94%  818K 0s
  5450K .......... .......... .......... .......... .......... 95% 9.60M 0s
  5500K .......... .......... .......... .......... .......... 96% 8.08M 0s
  5550K .......... .......... .......... .......... .......... 97% 6.02M 0s
  5600K .......... .......... .......... .......... .......... 98% 11.5M 0s
  5650K .......... .......... .......... .......... .......... 99%  820K 0s
  5700K .......... .......... .......... .......... .......... 99% 10.6M 0s
  5750K .......                                               100% 11.2M=2.6s

2023-11-20 21:23:04 (2.14 MB/s) - ‘/export/storage/users/diegocar/SpaceX/results/GSE71770_family.soft.gz’ saved [5895211]

--2023-11-20 21:23:06--  ftp://ftp.ncbi.nlm.nih.gov/geo/series/GSE71nnn/GSE71771/soft/GSE71771_family.soft.gz
           => ‘/export/storage/users/diegocar/SpaceX/results/GSE71771_family.soft.gz’
Resolving ftp.ncbi.nlm.nih.gov (ftp.ncbi.nlm.nih.gov)... 130.14.250.12, 130.14.250.13, 2607:f220:41e:250::7, ...
Connecting to ftp.ncbi.nlm.nih.gov (ftp.ncbi.nlm.nih.gov)|130.14.250.12|:21... connected.
Logging in as anonymous ... Logged in!
==> SYST ... done.    ==> PWD ... done.
==> TYPE I ... done.  ==> CWD (1) /geo/series/GSE71nnn/GSE71771/soft ... done.
==> SIZE GSE71771_family.soft.gz ... 5384740
==> PASV ... done.    ==> RETR GSE71771_family.soft.gz ... done.
Length: 5384740 (5.1M) (unauthoritative)

     0K .......... .......... .......... .......... ..........  0%  246K 21s
    50K .......... .......... .......... .......... ..........  1%  596K 15s
   100K .......... .......... .......... .......... ..........  2% 11.1M 10s
   150K .......... .......... .......... .......... ..........  3%  631K 9s
   200K .......... .......... .......... .......... ..........  4% 11.4M 8s
   250K .......... .......... .......... .......... ..........  5% 11.1M 6s
   300K .......... .......... .......... .......... ..........  6% 11.3M 5s
   350K .......... .......... .......... .......... ..........  7%  206K 8s
   400K .......... .......... .......... .......... ..........  8% 60.9M 7s
   450K .......... .......... .......... .......... ..........  9% 74.6M 6s
   500K .......... .......... .......... .......... .......... 10% 86.0M 5s
   550K .......... .......... .......... .......... .......... 11% 76.2M 5s
   600K .......... .......... .......... .......... .......... 12% 75.1M 4s
   650K .......... .......... .......... .......... .......... 13% 78.3M 4s
   700K .......... .......... .......... .......... .......... 14% 74.0M 4s
   750K .......... .......... .......... .......... .......... 15% 85.1M 4s
   800K .......... .......... .......... .......... .......... 16% 65.6M 3s
   850K .......... .......... .......... .......... .......... 17% 90.4M 3s
   900K .......... .......... .......... .......... .......... 18% 6.71M 3s
   950K .......... .......... .......... .......... .......... 19% 7.47M 3s
  1000K .......... .......... .......... .......... .......... 19% 2.04M 3s
  1050K .......... .......... .......... .......... .......... 20% 1.07M 3s
  1100K .......... .......... .......... .......... .......... 21% 5.28M 3s
  1150K .......... .......... .......... .......... .......... 22% 8.17M 2s
  1200K .......... .......... .......... .......... .......... 23%  795K 3s
  1250K .......... .......... .......... .......... .......... 24% 6.16M 2s
  1300K .......... .......... .......... .......... .......... 25% 5.83M 2s
  1350K .......... .......... .......... .......... .......... 26% 9.24M 2s
  1400K .......... .......... .......... .......... .......... 27%  794K 2s
  1450K .......... .......... .......... .......... .......... 28% 6.31M 2s
  1500K .......... .......... .......... .......... .......... 29% 5.83M 2s
  1550K .......... .......... .......... .......... .......... 30% 9.17M 2s
  1600K .......... .......... .......... .......... .......... 31%  794K 2s
  1650K .......... .......... .......... .......... .......... 32% 6.48M 2s
  1700K .......... .......... .......... .......... .......... 33% 5.79M 2s
  1750K .......... .......... .......... .......... .......... 34% 8.99M 2s
  1800K .......... .......... .......... .......... .......... 35%  796K 2s
  1850K .......... .......... .......... .......... .......... 36% 6.45M 2s
  1900K .......... .......... .......... .......... .......... 37% 5.85M 2s
  1950K .......... .......... .......... .......... .......... 38% 8.99M 2s
  2000K .......... .......... .......... .......... .......... 38%  795K 2s
  2050K .......... .......... .......... .......... .......... 39% 6.56M 2s
  2100K .......... .......... .......... .......... .......... 40% 5.85M 2s
  2150K .......... .......... .......... .......... .......... 41% 9.30M 2s
  2200K .......... .......... .......... .......... .......... 42%  793K 2s
  2250K .......... .......... .......... .......... .......... 43% 6.54M 2s
  2300K .......... .......... .......... .......... .......... 44% 6.37M 2s
  2350K .......... .......... .......... .......... .......... 45% 8.26M 1s
  2400K .......... .......... .......... .......... .......... 46%  794K 1s
  2450K .......... .......... .......... .......... .......... 47% 9.00M 1s
  2500K .......... .......... .......... .......... .......... 48% 5.28M 1s
  2550K .......... .......... .......... .......... .......... 49% 7.81M 1s
  2600K .......... .......... .......... .......... .......... 50%  793K 1s
  2650K .......... .......... .......... .......... .......... 51% 10.4M 1s
  2700K .......... .......... .......... .......... .......... 52% 5.15M 1s
  2750K .......... .......... .......... .......... .......... 53% 7.48M 1s
  2800K .......... .......... .......... .......... .......... 54%  791K 1s
  2850K .......... .......... .......... .......... .......... 55% 10.9M 1s
  2900K .......... .......... .......... .......... .......... 56% 5.43M 1s
  2950K .......... .......... .......... .......... .......... 57% 7.03M 1s
  3000K .......... .......... .......... .......... .......... 58% 11.0M 1s
  3050K .......... .......... .......... .......... .......... 58%  793K 1s
  3100K .......... .......... .......... .......... .......... 59% 5.82M 1s
  3150K .......... .......... .......... .......... .......... 60% 6.46M 1s
  3200K .......... .......... .......... .......... .......... 61% 10.7M 1s
  3250K .......... .......... .......... .......... .......... 62%  794K 1s
  3300K .......... .......... .......... .......... .......... 63% 6.57M 1s
  3350K .......... .......... .......... .......... .......... 64% 5.77M 1s
  3400K .......... .......... .......... .......... .......... 65% 10.7M 1s
  3450K .......... .......... .......... .......... .......... 66%  794K 1s
  3500K .......... .......... .......... .......... .......... 67% 6.41M 1s
  3550K .......... .......... .......... .......... .......... 68% 6.79M 1s
  3600K .......... .......... .......... .......... .......... 69% 8.79M 1s
  3650K .......... .......... .......... .......... .......... 70%  796K 1s
  3700K .......... .......... .......... .......... .......... 71% 7.03M 1s
  3750K .......... .......... .......... .......... .......... 72% 6.84M 1s
  3800K .......... .......... .......... .......... .......... 73% 7.82M 1s
  3850K .......... .......... .......... .......... .......... 74%  796K 1s
  3900K .......... .......... .......... .......... .......... 75% 10.6M 1s
  3950K .......... .......... .......... .......... .......... 76% 5.41M 1s
  4000K .......... .......... .......... .......... .......... 77% 7.58M 1s
  4050K .......... .......... .......... .......... .......... 77% 10.3M 1s
  4100K .......... .......... .......... .......... .......... 78%  796K 1s
  4150K .......... .......... .......... .......... .......... 79% 6.28M 1s
  4200K .......... .......... .......... .......... .......... 80% 6.34M 0s
  4250K .......... .......... .......... .......... .......... 81% 10.5M 0s
  4300K .......... .......... .......... .......... .......... 82%  794K 0s
  4350K .......... .......... .......... .......... .......... 83% 6.57M 0s
  4400K .......... .......... .......... .......... .......... 84% 8.35M 0s
  4450K .......... .......... .......... .......... .......... 85% 7.47M 0s
  4500K .......... .......... .......... .......... .......... 86%  801K 0s
  4550K .......... .......... .......... .......... .......... 87% 10.3M 0s
  4600K .......... .......... .......... .......... .......... 88% 5.63M 0s
  4650K .......... .......... .......... .......... .......... 89% 7.38M 0s
  4700K .......... .......... .......... .......... .......... 90% 11.4M 0s
  4750K .......... .......... .......... .......... .......... 91%  798K 0s
  4800K .......... .......... .......... .......... .......... 92% 6.68M 0s
  4850K .......... .......... .......... .......... .......... 93% 8.11M 0s
  4900K .......... .......... .......... .......... .......... 94% 8.09M 0s
  4950K .......... .......... .......... .......... .......... 95%  806K 0s
  5000K .......... .......... .......... .......... .......... 96% 10.6M 0s
  5050K .......... .......... .......... .......... .......... 96% 6.01M 0s
  5100K .......... .......... .......... .......... .......... 97% 7.43M 0s
  5150K .......... .......... .......... .......... .......... 98% 11.0M 0s
  5200K .......... .......... .......... .......... .......... 99%  811K 0s
  5250K ........                                              100% 11.3M=2.4s

2023-11-20 21:23:15 (2.14 MB/s) - ‘/export/storage/users/diegocar/SpaceX/results/GSE71771_family.soft.gz’ saved [5384740]

--2023-11-20 21:23:17--  ftp://ftp.ncbi.nlm.nih.gov/geo/series/GSE173nnn/GSE173985/soft/GSE173985_family.soft.gz
           => ‘/export/storage/users/diegocar/SpaceX/results/GSE173985_family.soft.gz’
Resolving ftp.ncbi.nlm.nih.gov (ftp.ncbi.nlm.nih.gov)... 130.14.250.13, 130.14.250.12, 2607:f220:41e:250::11, ...
Connecting to ftp.ncbi.nlm.nih.gov (ftp.ncbi.nlm.nih.gov)|130.14.250.13|:21... connected.
Logging in as anonymous ... Logged in!
==> SYST ... done.    ==> PWD ... done.
==> TYPE I ... done.  ==> CWD (1) /geo/series/GSE173nnn/GSE173985/soft ... done.
==> SIZE GSE173985_family.soft.gz ... 4600275
==> PASV ... done.    ==> RETR GSE173985_family.soft.gz ... done.
Length: 4600275 (4.4M) (unauthoritative)

     0K .......... .......... .......... .......... ..........  1%  166K 27s
    50K .......... .......... .......... .......... ..........  2%  597K 17s
   100K .......... .......... .......... .......... ..........  3% 11.1M 11s
   150K .......... .......... .......... .......... ..........  4%  631K 10s
   200K .......... .......... .......... .......... ..........  5% 11.5M 8s
   250K .......... .......... .......... .......... ..........  6% 11.1M 7s
   300K .......... .......... .......... .......... ..........  7% 11.4M 6s
   350K .......... .......... .......... .......... ..........  8%  571K 6s
   400K .......... .......... .......... .......... .......... 10% 87.0M 5s
   450K .......... .......... .......... .......... .......... 11% 80.0M 5s
   500K .......... .......... .......... .......... .......... 12% 91.8M 4s
   550K .......... .......... .......... .......... .......... 13%  727K 4s
   600K .......... .......... .......... .......... .......... 14% 5.15M 4s
   650K .......... .......... .......... .......... .......... 15%  671K 4s
   700K .......... .......... .......... .......... .......... 16% 5.12M 4s
   750K .......... .......... .......... .......... .......... 17%  671K 4s
   800K .......... .......... .......... .......... .......... 18% 5.14M 3s
   850K .......... .......... .......... .......... .......... 20%  673K 4s
   900K .......... .......... .......... .......... .......... 21% 5.07M 3s
   950K .......... .......... .......... .......... .......... 22%  673K 3s
  1000K .......... .......... .......... .......... .......... 23% 5.60M 3s
  1050K .......... .......... .......... .......... .......... 24%  676K 3s
  1100K .......... .......... .......... .......... .......... 25% 4.98M 3s
  1150K .......... .......... .......... .......... .......... 26%  678K 3s
  1200K .......... .......... .......... .......... .......... 27% 5.22M 3s
  1250K .......... .......... .......... .......... .......... 28%  674K 3s
  1300K .......... .......... .......... .......... .......... 30% 6.43M 3s
  1350K .......... .......... .......... .......... .......... 31%  659K 3s
  1400K .......... .......... .......... .......... .......... 32% 7.24M 3s
  1450K .......... .......... .......... .......... .......... 33% 4.91M 3s
  1500K .......... .......... .......... .......... .......... 34%  690K 3s
  1550K .......... .......... .......... .......... .......... 35% 4.99M 3s
  1600K .......... .......... .......... .......... .......... 36%  687K 3s
  1650K .......... .......... .......... .......... .......... 37% 5.50M 2s
  1700K .......... .......... .......... .......... .......... 38%  680K 2s
  1750K .......... .......... .......... .......... .......... 40% 5.64M 2s
  1800K .......... .......... .......... .......... .......... 41%  673K 2s
  1850K .......... .......... .......... .......... .......... 42% 7.16M 2s
  1900K .......... .......... .......... .......... .......... 43% 5.23M 2s
  1950K .......... .......... .......... .......... .......... 44%  688K 2s
  2000K .......... .......... .......... .......... .......... 45% 5.44M 2s
  2050K .......... .......... .......... .......... .......... 46%  686K 2s
  2100K .......... .......... .......... .......... .......... 47% 6.13M 2s
  2150K .......... .......... .......... .......... .......... 48%  676K 2s
  2200K .......... .......... .......... .......... .......... 50% 7.46M 2s
  2250K .......... .......... .......... .......... .......... 51%  656K 2s
  2300K .......... .......... .......... .......... .......... 52% 8.65M 2s
  2350K .......... .......... .......... .......... .......... 53% 5.67M 2s
  2400K .......... .......... .......... .......... .......... 54%  692K 2s
  2450K .......... .......... .......... .......... .......... 55% 6.55M 2s
  2500K .......... .......... .......... .......... .......... 56%  673K 2s
  2550K .......... .......... .......... .......... .......... 57% 9.04M 2s
  2600K .......... .......... .......... .......... .......... 58% 6.21M 2s
  2650K .......... .......... .......... .......... .......... 60%  690K 1s
  2700K .......... .......... .......... .......... .......... 61% 8.93M 1s
  2750K .......... .......... .......... .......... .......... 62% 5.57M 1s
  2800K .......... .......... .......... .......... .......... 63%  704K 1s
  2850K .......... .......... .......... .......... .......... 64% 9.65M 1s
  2900K .......... .......... .......... .......... .......... 65% 5.71M 1s
  2950K .......... .......... .......... .......... .......... 66%  704K 1s
  3000K .......... .......... .......... .......... .......... 67% 10.5M 1s
  3050K .......... .......... .......... .......... .......... 69% 5.90M 1s
  3100K .......... .......... .......... .......... .......... 70%  704K 1s
  3150K .......... .......... .......... .......... .......... 71% 11.4M 1s
  3200K .......... .......... .......... .......... .......... 72% 7.02M 1s
  3250K .......... .......... .......... .......... .......... 73%  695K 1s
  3300K .......... .......... .......... .......... .......... 74% 11.1M 1s
  3350K .......... .......... .......... .......... .......... 75% 8.03M 1s
  3400K .......... .......... .......... .......... .......... 76%  696K 1s
  3450K .......... .......... .......... .......... .......... 77% 11.0M 1s
  3500K .......... .......... .......... .......... .......... 79% 10.7M 1s
  3550K .......... .......... .......... .......... .......... 80% 7.55M 1s
  3600K .......... .......... .......... .......... .......... 81%  707K 1s
  3650K .......... .......... .......... .......... .......... 82% 11.4M 1s
  3700K .......... .......... .......... .......... .......... 83% 10.8M 1s
  3750K .......... .......... .......... .......... .......... 84% 8.38M 1s
  3800K .......... .......... .......... .......... .......... 85%  708K 0s
  3850K .......... .......... .......... .......... .......... 86% 11.4M 0s
  3900K .......... .......... .......... .......... .......... 87% 11.1M 0s
  3950K .......... .......... .......... .......... .......... 89% 1.05M 0s
  4000K .......... .......... .......... .......... .......... 90% 1.65M 0s
  4050K .......... .......... .......... .......... .......... 91% 11.1M 0s
  4100K .......... .......... .......... .......... .......... 92% 11.0M 0s
  4150K .......... .......... .......... .......... .......... 93% 11.1M 0s
  4200K .......... .......... .......... .......... .......... 94%  717K 0s
  4250K .......... .......... .......... .......... .......... 95% 11.1M 0s
  4300K .......... .......... .......... .......... .......... 96% 11.1M 0s
  4350K .......... .......... .......... .......... .......... 97% 11.4M 0s
  4400K .......... .......... .......... .......... .......... 99%  729K 0s
  4450K .......... .......... .......... .......... ..        100% 11.3M=3.1s

2023-11-20 21:23:27 (1.43 MB/s) - ‘/export/storage/users/diegocar/SpaceX/results/GSE173985_family.soft.gz’ saved [4600275]

--2023-11-20 21:23:28--  ftp://ftp.ncbi.nlm.nih.gov/geo/series/GSE36nnn/GSE36358/soft/GSE36358_family.soft.gz
           => ‘/export/storage/users/diegocar/SpaceX/results/GSE36358_family.soft.gz’
Resolving ftp.ncbi.nlm.nih.gov (ftp.ncbi.nlm.nih.gov)... 130.14.250.12, 130.14.250.13, 2607:f220:41e:250::7, ...
Connecting to ftp.ncbi.nlm.nih.gov (ftp.ncbi.nlm.nih.gov)|130.14.250.12|:21... connected.
Logging in as anonymous ... Logged in!
==> SYST ... done.    ==> PWD ... done.
==> TYPE I ... done.  ==> CWD (1) /geo/series/GSE36nnn/GSE36358/soft ... done.
==> SIZE GSE36358_family.soft.gz ... 2916404
==> PASV ... done.    ==> RETR GSE36358_family.soft.gz ... done.
Length: 2916404 (2.8M) (unauthoritative)

     0K .......... .......... .......... .......... ..........  1%  254K 11s
    50K .......... .......... .......... .......... ..........  3%  596K 8s
   100K .......... .......... .......... .......... ..........  5% 11.1M 5s
   150K .......... .......... .......... .......... ..........  7%  629K 5s
   200K .......... .......... .......... .......... ..........  8% 11.4M 4s
   250K .......... .......... .......... .......... .......... 10% 11.1M 3s
   300K .......... .......... .......... .......... .......... 12% 11.3M 3s
   350K .......... .......... .......... .......... .......... 14%  571K 3s
   400K .......... .......... .......... .......... .......... 15% 88.7M 2s
   450K .......... .......... .......... .......... .......... 17% 81.3M 2s
   500K .......... .......... .......... .......... .......... 19% 95.9M 2s
   550K .......... .......... .......... .......... .......... 21%  699K 2s
   600K .......... .......... .......... .......... .......... 22% 4.94M 2s
   650K .......... .......... .......... .......... .......... 24%  673K 2s
   700K .......... .......... .......... .......... .......... 26% 4.86M 2s
   750K .......... .......... .......... .......... .......... 28%  674K 2s
   800K .......... .......... .......... .......... .......... 29% 4.92M 2s
   850K .......... .......... .......... .......... .......... 31%  673K 2s
   900K .......... .......... .......... .......... .......... 33% 4.95M 2s
   950K .......... .......... .......... .......... .......... 35%  678K 2s
  1000K .......... .......... .......... .......... .......... 36% 4.83M 2s
  1050K .......... .......... .......... .......... .......... 38%  681K 2s
  1100K .......... .......... .......... .......... .......... 40% 4.57M 1s
  1150K .......... .......... .......... .......... .......... 42%  688K 1s
  1200K .......... .......... .......... .......... .......... 43% 5.05M 1s
  1250K .......... .......... .......... .......... .......... 45%  674K 1s
  1300K .......... .......... .......... .......... .......... 47% 6.07M 1s
  1350K .......... .......... .......... .......... .......... 49%  664K 1s
  1400K .......... .......... .......... .......... .......... 50% 6.54M 1s
  1450K .......... .......... .......... .......... .......... 52%  657K 1s
  1500K .......... .......... .......... .......... .......... 54% 7.42M 1s
  1550K .......... .......... .......... .......... .......... 56% 5.32M 1s
  1600K .......... .......... .......... .......... .......... 57%  683K 1s
  1650K .......... .......... .......... .......... .......... 59% 5.05M 1s
  1700K .......... .......... .......... .......... .......... 61%  684K 1s
  1750K .......... .......... .......... .......... .......... 63% 4.77M 1s
  1800K .......... .......... .......... .......... .......... 64%  689K 1s
  1850K .......... .......... .......... .......... .......... 66% 6.57M 1s
  1900K .......... .......... .......... .......... .......... 68%  662K 1s
  1950K .......... .......... .......... .......... .......... 70% 8.22M 1s
  2000K .......... .......... .......... .......... .......... 71% 5.45M 1s
  2050K .......... .......... .......... .......... .......... 73%  680K 1s
  2100K .......... .......... .......... .......... .......... 75% 5.20M 1s
  2150K .......... .......... .......... .......... .......... 77%  690K 1s
  2200K .......... .......... .......... .......... .......... 79% 6.62M 0s
  2250K .......... .......... .......... .......... .......... 80%  663K 0s
  2300K .......... .......... .......... .......... .......... 82% 8.47M 0s
  2350K .......... .......... .......... .......... .......... 84% 5.61M 0s
  2400K .......... .......... .......... .......... .......... 86%  690K 0s
  2450K .......... .......... .......... .......... .......... 87% 6.00M 0s
  2500K .......... .......... .......... .......... .......... 89%  678K 0s
  2550K .......... .......... .......... .......... .......... 91% 9.09M 0s
  2600K .......... .......... .......... .......... .......... 93% 5.68M 0s
  2650K .......... .......... .......... .......... .......... 94%  693K 0s
  2700K .......... .......... .......... .......... .......... 96% 9.77M 0s
  2750K .......... .......... .......... .......... .......... 98% 5.85M 0s
  2800K .......... .......... .......... .......... ........  100%  668K=2.2s

2023-11-20 21:23:37 (1.25 MB/s) - ‘/export/storage/users/diegocar/SpaceX/results/GSE36358_family.soft.gz’ saved [2916404]

--2023-11-20 21:23:38--  ftp://ftp.ncbi.nlm.nih.gov/geo/series/GSE27nnn/GSE27338/soft/GSE27338_family.soft.gz
           => ‘/export/storage/users/diegocar/SpaceX/results/GSE27338_family.soft.gz’
Resolving ftp.ncbi.nlm.nih.gov (ftp.ncbi.nlm.nih.gov)... 130.14.250.13, 130.14.250.12, 2607:f220:41e:250::11, ...
Connecting to ftp.ncbi.nlm.nih.gov (ftp.ncbi.nlm.nih.gov)|130.14.250.13|:21... connected.
Logging in as anonymous ... Logged in!
==> SYST ... done.    ==> PWD ... done.
==> TYPE I ... done.  ==> CWD (1) /geo/series/GSE27nnn/GSE27338/soft ... done.
==> SIZE GSE27338_family.soft.gz ... 12667176
==> PASV ... done.    ==> RETR GSE27338_family.soft.gz ... done.
Length: 12667176 (12M) (unauthoritative)

     0K .......... .......... .......... .......... ..........  0%  233K 53s
    50K .......... .......... .......... .......... ..........  0%  596K 37s
   100K .......... .......... .......... .......... ..........  1% 11.1M 25s
   150K .......... .......... .......... .......... ..........  1%  631K 23s
   200K .......... .......... .......... .......... ..........  2% 11.4M 19s
   250K .......... .......... .......... .......... ..........  2% 11.1M 16s
   300K .......... .......... .......... .......... ..........  2% 11.4M 14s
   350K .......... .......... .......... .......... ..........  3%  697K 14s
   400K .......... .......... .......... .......... ..........  3% 11.1M 12s
   450K .......... .......... .......... .......... ..........  4% 11.0M 11s
   500K .......... .......... .......... .......... ..........  4% 11.4M 10s
   550K .......... .......... .......... .......... ..........  4%  699K 11s
   600K .......... .......... .......... .......... ..........  5% 11.1M 10s
   650K .......... .......... .......... .......... ..........  5% 11.2M 9s
   700K .......... .......... .......... .......... ..........  6% 11.1M 9s
   750K .......... .......... .......... .......... ..........  6%  700K 9s
   800K .......... .......... .......... .......... ..........  6% 11.3M 9s
   850K .......... .......... .......... .......... ..........  7% 11.0M 8s
   900K .......... .......... .......... .......... ..........  7% 11.1M 8s
   950K .......... .......... .......... .......... ..........  8%  700K 8s
  1000K .......... .......... .......... .......... ..........  8% 11.3M 8s
  1050K .......... .......... .......... .......... ..........  8% 11.1M 7s
  1100K .......... .......... .......... .......... ..........  9% 11.0M 7s
  1150K .......... .......... .......... .......... ..........  9%  701K 7s
  1200K .......... .......... .......... .......... .......... 10% 11.1M 7s
  1250K .......... .......... .......... .......... .......... 10% 11.1M 7s
  1300K .......... .......... .......... .......... .......... 10% 11.4M 7s
  1350K .......... .......... .......... .......... .......... 11%  701K 7s
  1400K .......... .......... .......... .......... .......... 11% 11.1M 7s
  1450K .......... .......... .......... .......... .......... 12% 11.1M 7s
  1500K .......... .......... .......... .......... .......... 12% 11.3M 6s
  1550K .......... .......... .......... .......... .......... 12%  702K 7s
  1600K .......... .......... .......... .......... .......... 13% 11.1M 6s
  1650K .......... .......... .......... .......... .......... 13% 11.4M 6s
  1700K .......... .......... .......... .......... .......... 14% 11.1M 6s
  1750K .......... .......... .......... .......... .......... 14%  703K 6s
  1800K .......... .......... .......... .......... .......... 14% 11.4M 6s
  1850K .......... .......... .......... .......... .......... 15% 11.1M 6s
  1900K .......... .......... .......... .......... .......... 15% 11.0M 6s
  1950K .......... .......... .......... .......... .......... 16%  704K 6s
  2000K .......... .......... .......... .......... .......... 16% 11.4M 6s
  2050K .......... .......... .......... .......... .......... 16% 11.1M 6s
  2100K .......... .......... .......... .......... .......... 17% 11.1M 5s
  2150K .......... .......... .......... .......... .......... 17%  706K 6s
  2200K .......... .......... .......... .......... .......... 18% 11.1M 6s
  2250K .......... .......... .......... .......... .......... 18% 11.1M 5s
  2300K .......... .......... .......... .......... .......... 18% 11.1M 5s
  2350K .......... .......... .......... .......... .......... 19%  708K 5s
  2400K .......... .......... .......... .......... .......... 19% 11.1M 5s
  2450K .......... .......... .......... .......... .......... 20% 11.1M 5s
  2500K .......... .......... .......... .......... .......... 20% 11.4M 5s
  2550K .......... .......... .......... .......... .......... 21%  709K 5s
  2600K .......... .......... .......... .......... .......... 21% 11.5M 5s
  2650K .......... .......... .......... .......... .......... 21% 11.4M 5s
  2700K .......... .......... .......... .......... .......... 22% 11.1M 5s
  2750K .......... .......... .......... .......... .......... 22% 11.1M 5s
  2800K .......... .......... .......... .......... .......... 23%  713K 5s
  2850K .......... .......... .......... .......... .......... 23% 11.4M 5s
  2900K .......... .......... .......... .......... .......... 23% 11.1M 5s
  2950K .......... .......... .......... .......... .......... 24% 11.1M 5s
  3000K .......... .......... .......... .......... .......... 24%  720K 5s
  3050K .......... .......... .......... .......... .......... 25% 11.3M 5s
  3100K .......... .......... .......... .......... .......... 25% 11.1M 5s
  3150K .......... .......... .......... .......... .......... 25% 11.4M 5s
  3200K .......... .......... .......... .......... .......... 26% 11.0M 4s
  3250K .......... .......... .......... .......... .......... 26%  726K 5s
  3300K .......... .......... .......... .......... .......... 27% 11.1M 4s
  3350K .......... .......... .......... .......... .......... 27% 11.4M 4s
  3400K .......... .......... .......... .......... .......... 27% 11.1M 4s
  3450K .......... .......... .......... .......... .......... 28%  732K 4s
  3500K .......... .......... .......... .......... .......... 28% 11.1M 4s
  3550K .......... .......... .......... .......... .......... 29% 11.1M 4s
  3600K .......... .......... .......... .......... .......... 29% 11.1M 4s
  3650K .......... .......... .......... .......... .......... 29% 11.4M 4s
  3700K .......... .......... .......... .......... .......... 30%  741K 4s
  3750K .......... .......... .......... .......... .......... 30% 10.7M 4s
  3800K .......... .......... .......... .......... .......... 31% 11.1M 4s
  3850K .......... .......... .......... .......... .......... 31% 11.4M 4s
  3900K .......... .......... .......... .......... .......... 31% 11.1M 4s
  3950K .......... .......... .......... .......... .......... 32%  750K 4s
  4000K .......... .......... .......... .......... .......... 32% 11.1M 4s
  4050K .......... .......... .......... .......... .......... 33% 11.1M 4s
  4100K .......... .......... .......... .......... .......... 33% 11.1M 4s
  4150K .......... .......... .......... .......... .......... 33% 11.1M 4s
  4200K .......... .......... .......... .......... .......... 34%  760K 4s
  4250K .......... .......... .......... .......... .......... 34% 10.8M 4s
  4300K .......... .......... .......... .......... .......... 35% 11.1M 4s
  4350K .......... .......... .......... .......... .......... 35% 11.4M 4s
  4400K .......... .......... .......... .......... .......... 35% 11.1M 4s
  4450K .......... .......... .......... .......... .......... 36% 11.1M 4s
  4500K .......... .......... .......... .......... .......... 36%  768K 4s
  4550K .......... .......... .......... .......... .......... 37% 11.1M 4s
  4600K .......... .......... .......... .......... .......... 37% 11.1M 3s
  4650K .......... .......... .......... .......... .......... 37% 11.1M 3s
  4700K .......... .......... .......... .......... .......... 38% 11.0M 3s
  4750K .......... .......... .......... .......... .......... 38%  783K 3s
  4800K .......... .......... .......... .......... .......... 39% 10.6M 3s
  4850K .......... .......... .......... .......... .......... 39% 11.4M 3s
  4900K .......... .......... .......... .......... .......... 40% 11.1M 3s
  4950K .......... .......... .......... .......... .......... 40% 11.1M 3s
  5000K .......... .......... .......... .......... .......... 40% 11.4M 3s
  5050K .......... .......... .......... .......... .......... 41%  791K 3s
  5100K .......... .......... .......... .......... .......... 41% 11.1M 3s
  5150K .......... .......... .......... .......... .......... 42% 11.1M 3s
  5200K .......... .......... .......... .......... .......... 42% 11.4M 3s
  5250K .......... .......... .......... .......... .......... 42% 11.1M 3s
  5300K .......... .......... .......... .......... .......... 43% 11.1M 3s
  5350K .......... .......... .......... .......... .......... 43%  804K 3s
  5400K .......... .......... .......... .......... .......... 44% 11.1M 3s
  5450K .......... .......... .......... .......... .......... 44% 11.1M 3s
  5500K .......... .......... .......... .......... .......... 44% 11.4M 3s
  5550K .......... .......... .......... .......... .......... 45% 11.1M 3s
  5600K .......... .......... .......... .......... .......... 45% 11.1M 3s
  5650K .......... .......... .......... .......... .......... 46% 11.1M 3s
  5700K .......... .......... .......... .......... .......... 46%  821K 3s
  5750K .......... .......... .......... .......... .......... 46% 11.1M 3s
  5800K .......... .......... .......... .......... .......... 47% 11.1M 3s
  5850K .......... .......... .......... .......... .......... 47% 11.4M 3s
  5900K .......... .......... .......... .......... .......... 48% 11.1M 3s
  5950K .......... .......... .......... .......... .......... 48% 11.1M 3s
  6000K .......... .......... .......... .......... .......... 48%  837K 3s
  6050K .......... .......... .......... .......... .......... 49% 11.4M 3s
  6100K .......... .......... .......... .......... .......... 49% 11.1M 3s
  6150K .......... .......... .......... .......... .......... 50% 11.1M 2s
  6200K .......... .......... .......... .......... .......... 50% 11.4M 2s
  6250K .......... .......... .......... .......... .......... 50% 11.1M 2s
  6300K .......... .......... .......... .......... .......... 51% 11.1M 2s
  6350K .......... .......... .......... .......... .......... 51%  858K 2s
  6400K .......... .......... .......... .......... .......... 52% 10.9M 2s
  6450K .......... .......... .......... .......... .......... 52% 11.1M 2s
  6500K .......... .......... .......... .......... .......... 52% 11.1M 2s
  6550K .......... .......... .......... .......... .......... 53% 11.4M 2s
  6600K .......... .......... .......... .......... .......... 53% 11.1M 2s
  6650K .......... .......... .......... .......... .......... 54% 11.1M 2s
  6700K .......... .......... .......... .......... .......... 54%  889K 2s
  6750K .......... .......... .......... .......... .......... 54% 9.36M 2s
  6800K .......... .......... .......... .......... .......... 55% 11.1M 2s
  6850K .......... .......... .......... .......... .......... 55% 11.4M 2s
  6900K .......... .......... .......... .......... .......... 56% 11.1M 2s
  6950K .......... .......... .......... .......... .......... 56% 11.1M 2s
  7000K .......... .......... .......... .......... .......... 56% 11.1M 2s
  7050K .......... .......... .......... .......... .......... 57% 11.4M 2s
  7100K .......... .......... .......... .......... .......... 57%  902K 2s
  7150K .......... .......... .......... .......... .......... 58% 10.9M 2s
  7200K .......... .......... .......... .......... .......... 58% 11.4M 2s
  7250K .......... .......... .......... .......... .......... 59% 11.1M 2s
  7300K .......... .......... .......... .......... .......... 59% 11.1M 2s
  7350K .......... .......... .......... .......... .......... 59% 11.4M 2s
  7400K .......... .......... .......... .......... .......... 60% 11.1M 2s
  7450K .......... .......... .......... .......... .......... 60% 11.1M 2s
  7500K .......... .......... .......... .......... .......... 61%  928K 2s
  7550K .......... .......... .......... .......... .......... 61% 10.9M 2s
  7600K .......... .......... .......... .......... .......... 61% 11.1M 2s
  7650K .......... .......... .......... .......... .......... 62% 11.1M 2s
  7700K .......... .......... .......... .......... .......... 62% 11.4M 2s
  7750K .......... .......... .......... .......... .......... 63% 11.1M 2s
  7800K .......... .......... .......... .......... .......... 63% 11.1M 2s
  7850K .......... .......... .......... .......... .......... 63% 11.4M 2s
  7900K .......... .......... .......... .......... .......... 64%  954K 2s
  7950K .......... .......... .......... .......... .......... 64% 10.9M 2s
  8000K .......... .......... .......... .......... .......... 65% 11.1M 2s
  8050K .......... .......... .......... .......... .......... 65% 11.4M 2s
  8100K .......... .......... .......... .......... .......... 65% 11.1M 2s
  8150K .......... .......... .......... .......... .......... 66% 11.1M 1s
  8200K .......... .......... .......... .......... .......... 66% 11.4M 1s
  8250K .......... .......... .......... .......... .......... 67% 11.1M 1s
  8300K .......... .......... .......... .......... .......... 67% 11.1M 1s
  8350K .......... .......... .......... .......... .......... 67%  986K 1s
  8400K .......... .......... .......... .......... .......... 68% 11.4M 1s
  8450K .......... .......... .......... .......... .......... 68% 11.1M 1s
  8500K .......... .......... .......... .......... .......... 69% 11.1M 1s
  8550K .......... .......... .......... .......... .......... 69% 11.4M 1s
  8600K .......... .......... .......... .......... .......... 69% 11.1M 1s
  8650K .......... .......... .......... .......... .......... 70% 11.1M 1s
  8700K .......... .......... .......... .......... .......... 70% 11.4M 1s
  8750K .......... .......... .......... .......... .......... 71% 11.1M 1s
  8800K .......... .......... .......... .......... .......... 71% 1021K 1s
  8850K .......... .......... .......... .......... .......... 71% 11.1M 1s
  8900K .......... .......... .......... .......... .......... 72% 11.4M 1s
  8950K .......... .......... .......... .......... .......... 72% 11.1M 1s
  9000K .......... .......... .......... .......... .......... 73% 11.1M 1s
  9050K .......... .......... .......... .......... .......... 73% 11.4M 1s
  9100K .......... .......... .......... .......... .......... 73% 11.1M 1s
  9150K .......... .......... .......... .......... .......... 74% 11.1M 1s
  9200K .......... .......... .......... .......... .......... 74% 11.4M 1s
  9250K .......... .......... .......... .......... .......... 75% 11.1M 1s
  9300K .......... .......... .......... .......... .......... 75% 1.03M 1s
  9350K .......... .......... .......... .......... .......... 75% 11.1M 1s
  9400K .......... .......... .......... .......... .......... 76% 11.4M 1s
  9450K .......... .......... .......... .......... .......... 76% 11.1M 1s
  9500K .......... .......... .......... .......... .......... 77% 11.1M 1s
  9550K .......... .......... .......... .......... .......... 77% 11.4M 1s
  9600K .......... .......... .......... .......... .......... 78% 11.1M 1s
  9650K .......... .......... .......... .......... .......... 78% 11.1M 1s
  9700K .......... .......... .......... .......... .......... 78% 11.3M 1s
  9750K .......... .......... .......... .......... .......... 79% 11.1M 1s
  9800K .......... .......... .......... .......... .......... 79% 1.09M 1s
  9850K .......... .......... .......... .......... .......... 80% 11.1M 1s
  9900K .......... .......... .......... .......... .......... 80% 11.4M 1s
  9950K .......... .......... .......... .......... .......... 80% 11.1M 1s
 10000K .......... .......... .......... .......... .......... 81% 11.1M 1s
 10050K .......... .......... .......... .......... .......... 81% 11.4M 1s
 10100K .......... .......... .......... .......... .......... 82% 11.1M 1s
 10150K .......... .......... .......... .......... .......... 82% 11.1M 1s
 10200K .......... .......... .......... .......... .......... 82% 11.1M 1s
 10250K .......... .......... .......... .......... .......... 83% 11.4M 1s
 10300K .......... .......... .......... .......... .......... 83% 1.13M 1s
 10350K .......... .......... .......... .......... .......... 84% 11.0M 1s
 10400K .......... .......... .......... .......... .......... 84% 11.4M 1s
 10450K .......... .......... .......... .......... .......... 84% 11.1M 1s
 10500K .......... .......... .......... .......... .......... 85% 11.1M 1s
 10550K .......... .......... .......... .......... .......... 85% 11.4M 1s
 10600K .......... .......... .......... .......... .......... 86% 11.1M 1s
 10650K .......... .......... .......... .......... .......... 86% 11.1M 1s
 10700K .......... .......... .......... .......... .......... 86% 11.1M 1s
 10750K .......... .......... .......... .......... .......... 87% 11.4M 0s
 10800K .......... .......... .......... .......... .......... 87% 11.1M 0s
 10850K .......... .......... .......... .......... .......... 88% 1.19M 0s
 10900K .......... .......... .......... .......... .......... 88% 11.2M 0s
 10950K .......... .......... .......... .......... .......... 88% 10.7M 0s
 11000K .......... .......... .......... .......... .......... 89% 11.5M 0s
 11050K .......... .......... .......... .......... .......... 89% 11.4M 0s
 11100K .......... .......... .......... .......... .......... 90% 11.1M 0s
 11150K .......... .......... .......... .......... .......... 90% 11.1M 0s
 11200K .......... .......... .......... .......... .......... 90% 11.1M 0s
 11250K .......... .......... .......... .......... .......... 91% 11.4M 0s
 11300K .......... .......... .......... .......... .......... 91% 11.1M 0s
 11350K .......... .......... .......... .......... .......... 92% 11.1M 0s
 11400K .......... .......... .......... .......... .......... 92% 1.51M 0s
 11450K .......... .......... .......... .......... .......... 92% 4.48M 0s
 11500K .......... .......... .......... .......... .......... 93% 11.1M 0s
 11550K .......... .......... .......... .......... .......... 93% 11.4M 0s
 11600K .......... .......... .......... .......... .......... 94% 11.1M 0s
 11650K .......... .......... .......... .......... .......... 94% 11.1M 0s
 11700K .......... .......... .......... .......... .......... 94% 11.1M 0s
 11750K .......... .......... .......... .......... .......... 95% 11.4M 0s
 11800K .......... .......... .......... .......... .......... 95% 11.1M 0s
 11850K .......... .......... .......... .......... .......... 96% 11.1M 0s
 11900K .......... .......... .......... .......... .......... 96% 11.4M 0s
 11950K .......... .......... .......... .......... .......... 97% 11.0M 0s
 12000K .......... .......... .......... .......... .......... 97% 1.65M 0s
 12050K .......... .......... .......... .......... .......... 97% 4.30M 0s
 12100K .......... .......... .......... .......... .......... 98% 11.4M 0s
 12150K .......... .......... .......... .......... .......... 98% 11.1M 0s
 12200K .......... .......... .......... .......... .......... 99% 11.1M 0s
 12250K .......... .......... .......... .......... .......... 99% 11.4M 0s
 12300K .......... .......... .......... .......... .......... 99% 11.1M 0s
 12350K .......... ..........                                 100% 11.6M=3.6s

2023-11-20 21:23:43 (3.34 MB/s) - ‘/export/storage/users/diegocar/SpaceX/results/GSE27338_family.soft.gz’ saved [12667176]

--2023-11-20 21:23:45--  ftp://ftp.ncbi.nlm.nih.gov/geo/series/GSE90nnn/GSE90873/soft/GSE90873_family.soft.gz
           => ‘/export/storage/users/diegocar/SpaceX/results/GSE90873_family.soft.gz’
Resolving ftp.ncbi.nlm.nih.gov (ftp.ncbi.nlm.nih.gov)... 130.14.250.12, 130.14.250.13, 2607:f220:41e:250::7, ...
Connecting to ftp.ncbi.nlm.nih.gov (ftp.ncbi.nlm.nih.gov)|130.14.250.12|:21... connected.
Logging in as anonymous ... Logged in!
==> SYST ... done.    ==> PWD ... done.
==> TYPE I ... done.  ==> CWD (1) /geo/series/GSE90nnn/GSE90873/soft ... done.
==> SIZE GSE90873_family.soft.gz ... 4144678
==> PASV ... done.    ==> RETR GSE90873_family.soft.gz ... done.
Length: 4144678 (4.0M) (unauthoritative)

     0K .......... .......... .......... .......... ..........  1%  132K 30s
    50K .......... .......... .......... .......... ..........  2%  594K 18s
   100K .......... .......... .......... .......... ..........  3% 11.1M 12s
   150K .......... .......... .......... .......... ..........  4%  628K 11s
   200K .......... .......... .......... .......... ..........  6% 11.4M 8s
   250K .......... .......... .......... .......... ..........  7% 11.1M 7s
   300K .......... .......... .......... .......... ..........  8% 11.4M 6s
   350K .......... .......... .......... .......... ..........  9%  572K 6s
   400K .......... .......... .......... .......... .......... 11% 71.6M 5s
   450K .......... .......... .......... .......... .......... 12% 92.1M 5s
   500K .......... .......... .......... .......... .......... 13% 96.0M 4s
   550K .......... .......... .......... .......... .......... 14%  702K 4s
   600K .......... .......... .......... .......... .......... 16% 4.57M 4s
   650K .......... .......... .......... .......... .......... 17%  678K 4s
   700K .......... .......... .......... .......... .......... 18% 4.51M 4s
   750K .......... .......... .......... .......... .......... 19%  679K 4s
   800K .......... .......... .......... .......... .......... 21% 4.55M 3s
   850K .......... .......... .......... .......... .......... 22%  679K 3s
   900K .......... .......... .......... .......... .......... 23% 4.52M 3s
   950K .......... .......... .......... .......... .......... 24%  687K 3s
  1000K .......... .......... .......... .......... .......... 25% 5.05M 3s
  1050K .......... .......... .......... .......... .......... 27%  673K 3s
  1100K .......... .......... .......... .......... .......... 28% 4.93M 3s
  1150K .......... .......... .......... .......... .......... 29%  676K 3s
  1200K .......... .......... .......... .......... .......... 30% 5.11M 3s
  1250K .......... .......... .......... .......... .......... 32%  680K 3s
  1300K .......... .......... .......... .......... .......... 33% 4.95M 3s
  1350K .......... .......... .......... .......... .......... 34%  675K 3s
  1400K .......... .......... .......... .......... .......... 35% 5.32M 3s
  1450K .......... .......... .......... .......... .......... 37% 1.02M 2s
  1500K .......... .......... .......... .......... .......... 38% 1.44M 2s
  1550K .......... .......... .......... .......... .......... 39% 5.21M 2s
  1600K .......... .......... .......... .......... .......... 40%  683K 2s
  1650K .......... .......... .......... .......... .......... 42% 4.73M 2s
  1700K .......... .......... .......... .......... .......... 43%  690K 2s
  1750K .......... .......... .......... .......... .......... 44% 5.22M 2s
  1800K .......... .......... .......... .......... .......... 45%  680K 2s
  1850K .......... .......... .......... .......... .......... 46% 5.52M 2s
  1900K .......... .......... .......... .......... .......... 48%  673K 2s
  1950K .......... .......... .......... .......... .......... 49% 7.38M 2s
  2000K .......... .......... .......... .......... .......... 50% 5.15M 2s
  2050K .......... .......... .......... .......... .......... 51%  689K 2s
  2100K .......... .......... .......... .......... .......... 53% 4.63M 2s
  2150K .......... .......... .......... .......... .......... 54%  693K 2s
  2200K .......... .......... .......... .......... .......... 55% 6.15M 2s
  2250K .......... .......... .......... .......... .......... 56%  671K 2s
  2300K .......... .......... .......... .......... .......... 58% 7.65M 1s
  2350K .......... .......... .......... .......... .......... 59% 5.33M 1s
  2400K .......... .......... .......... .......... .......... 60%  697K 1s
  2450K .......... .......... .......... .......... .......... 61% 5.81M 1s
  2500K .......... .......... .......... .......... .......... 63%  681K 1s
  2550K .......... .......... .......... .......... .......... 64% 7.87M 1s
  2600K .......... .......... .......... .......... .......... 65% 5.53M 1s
  2650K .......... .......... .......... .......... .......... 66%  702K 1s
  2700K .......... .......... .......... .......... .......... 67% 7.32M 1s
  2750K .......... .......... .......... .......... .......... 69% 6.13M 1s
  2800K .......... .......... .......... .......... .......... 70%  705K 1s
  2850K .......... .......... .......... .......... .......... 71% 7.24M 1s
  2900K .......... .......... .......... .......... .......... 72% 6.57M 1s
  2950K .......... .......... .......... .......... .......... 74%  708K 1s
  3000K .......... .......... .......... .......... .......... 75% 7.52M 1s
  3050K .......... .......... .......... .......... .......... 76% 6.67M 1s
  3100K .......... .......... .......... .......... .......... 77%  711K 1s
  3150K .......... .......... .......... .......... .......... 79% 8.16M 1s
  3200K .......... .......... .......... .......... .......... 80% 6.64M 1s
  3250K .......... .......... .......... .......... .......... 81%  714K 1s
  3300K .......... .......... .......... .......... .......... 82% 9.65M 1s
  3350K .......... .......... .......... .......... .......... 84% 6.21M 1s
  3400K .......... .......... .......... .......... .......... 85%  716K 0s
  3450K .......... .......... .......... .......... .......... 86% 11.1M 0s
  3500K .......... .......... .......... .......... .......... 87% 8.98M 0s
  3550K .......... .......... .......... .......... .......... 88% 6.92M 0s
  3600K .......... .......... .......... .......... .......... 90%  719K 0s
  3650K .......... .......... .......... .......... .......... 91% 11.4M 0s
  3700K .......... .......... .......... .......... .......... 92% 8.84M 0s
  3750K .......... .......... .......... .......... .......... 93% 7.57M 0s
  3800K .......... .......... .......... .......... .......... 95%  722K 0s
  3850K .......... .......... .......... .......... .......... 96% 11.4M 0s
  3900K .......... .......... .......... .......... .......... 97% 10.1M 0s
  3950K .......... .......... .......... .......... .......... 98% 7.57M 0s
  4000K .......... .......... .......... .......... .......   100%  694K=3.0s

2023-11-20 21:23:55 (1.32 MB/s) - ‘/export/storage/users/diegocar/SpaceX/results/GSE90873_family.soft.gz’ saved [4144678]

--2023-11-20 21:23:56--  ftp://ftp.ncbi.nlm.nih.gov/geo/series/GSE32nnn/GSE32949/soft/GSE32949_family.soft.gz
           => ‘/export/storage/users/diegocar/SpaceX/results/GSE32949_family.soft.gz’
Resolving ftp.ncbi.nlm.nih.gov (ftp.ncbi.nlm.nih.gov)... 130.14.250.13, 130.14.250.12, 2607:f220:41e:250::11, ...
Connecting to ftp.ncbi.nlm.nih.gov (ftp.ncbi.nlm.nih.gov)|130.14.250.13|:21... connected.
Logging in as anonymous ... Logged in!
==> SYST ... done.    ==> PWD ... done.
==> TYPE I ... done.  ==> CWD (1) /geo/series/GSE32nnn/GSE32949/soft ... done.
==> SIZE GSE32949_family.soft.gz ... 3376857
==> PASV ... done.    ==> RETR GSE32949_family.soft.gz ... done.
Length: 3376857 (3.2M) (unauthoritative)

     0K .......... .......... .......... .......... ..........  1%  224K 14s
    50K .......... .......... .......... .......... ..........  3%  594K 10s
   100K .......... .......... .......... .......... ..........  4% 11.1M 7s
   150K .......... .......... .......... .......... ..........  6%  627K 6s
   200K .......... .......... .......... .......... ..........  7% 11.1M 5s
   250K .......... .......... .......... .......... ..........  9% 11.1M 4s
   300K .......... .......... .......... .......... .......... 10% 11.4M 3s
   350K .......... .......... .......... .......... .......... 12%  322K 4s
   400K .......... .......... .......... .......... .......... 13% 92.1M 4s
   450K .......... .......... .......... .......... .......... 15% 88.3M 3s
   500K .......... .......... .......... .......... .......... 16% 92.4M 3s
   550K .......... .......... .......... .......... .......... 18% 2.89M 3s
   600K .......... .......... .......... .......... .......... 19% 21.1M 2s
   650K .......... .......... .......... .......... .......... 21% 87.9M 2s
   700K .......... .......... .......... .......... .......... 22% 78.6M 2s
   750K .......... .......... .......... .......... .......... 24% 82.3M 2s
   800K .......... .......... .......... .......... .......... 25%  738K 2s
   850K .......... .......... .......... .......... .......... 27% 5.33M 2s
   900K .......... .......... .......... .......... .......... 28% 7.79M 2s
   950K .......... .......... .......... .......... .......... 30%  752K 2s
  1000K .......... .......... .......... .......... .......... 31% 5.15M 2s
  1050K .......... .......... .......... .......... .......... 33% 7.14M 1s
  1100K .......... .......... .......... .......... .......... 34%  765K 2s
  1150K .......... .......... .......... .......... .......... 36% 5.08M 1s
  1200K .......... .......... .......... .......... .......... 37% 6.53M 1s
  1250K .......... .......... .......... .......... .......... 39%  784K 1s
  1300K .......... .......... .......... .......... .......... 40% 4.88M 1s
  1350K .......... .......... .......... .......... .......... 42% 6.25M 1s
  1400K .......... .......... .......... .......... .......... 43% 7.98M 1s
  1450K .......... .......... .......... .......... .......... 45%  750K 1s
  1500K .......... .......... .......... .......... .......... 47% 5.59M 1s
  1550K .......... .......... .......... .......... .......... 48% 6.84M 1s
  1600K .......... .......... .......... .......... .......... 50%  770K 1s
  1650K .......... .......... .......... .......... .......... 51% 5.10M 1s
  1700K .......... .......... .......... .......... .......... 53% 6.14M 1s
  1750K .......... .......... .......... .......... .......... 54% 10.9M 1s
  1800K .......... .......... .......... .......... .......... 56%  731K 1s
  1850K .......... .......... .......... .......... .......... 57% 6.51M 1s
  1900K .......... .......... .......... .......... .......... 59% 7.62M 1s
  1950K .......... .......... .......... .......... .......... 60%  760K 1s
  2000K .......... .......... .......... .......... .......... 62% 5.38M 1s
  2050K .......... .......... .......... .......... .......... 63% 6.71M 1s
  2100K .......... .......... .......... .......... .......... 65%  793K 1s
  2150K .......... .......... .......... .......... .......... 66% 4.82M 1s
  2200K .......... .......... .......... .......... .......... 68% 6.12M 1s
  2250K .......... .......... .......... .......... .......... 69% 8.28M 1s
  2300K .......... .......... .......... .......... .......... 71%  756K 1s
  2350K .......... .......... .......... .......... .......... 72% 5.50M 1s
  2400K .......... .......... .......... .......... .......... 74% 6.84M 0s
  2450K .......... .......... .......... .......... .......... 75%  795K 0s
  2500K .......... .......... .......... .......... .......... 77% 4.37M 0s
  2550K .......... .......... .......... .......... .......... 78% 6.69M 0s
  2600K .......... .......... .......... .......... .......... 80% 9.45M 0s
  2650K .......... .......... .......... .......... .......... 81%  760K 0s
  2700K .......... .......... .......... .......... .......... 83% 5.10M 0s
  2750K .......... .......... .......... .......... .......... 84% 7.43M 0s
  2800K .......... .......... .......... .......... .......... 86%  805K 0s
  2850K .......... .......... .......... .......... .......... 87% 4.14M 0s
  2900K .......... .......... .......... .......... .......... 89% 6.80M 0s
  2950K .......... .......... .......... .......... .......... 90% 9.45M 0s
  3000K .......... .......... .......... .......... .......... 92%  760K 0s
  3050K .......... .......... .......... .......... .......... 94% 5.40M 0s
  3100K .......... .......... .......... .......... .......... 95% 6.96M 0s
  3150K .......... .......... .......... .......... .......... 97%  807K 0s
  3200K .......... .......... .......... .......... .......... 98% 4.72M 0s
  3250K .......... .......... .......... .......... .......   100% 6.93M=1.8s

2023-11-20 21:24:04 (1.75 MB/s) - ‘/export/storage/users/diegocar/SpaceX/results/GSE32949_family.soft.gz’ saved [3376857]

--2023-11-20 21:24:06--  ftp://ftp.ncbi.nlm.nih.gov/geo/series/GSE90nnn/GSE90786/soft/GSE90786_family.soft.gz
           => ‘/export/storage/users/diegocar/SpaceX/results/GSE90786_family.soft.gz’
Resolving ftp.ncbi.nlm.nih.gov (ftp.ncbi.nlm.nih.gov)... 130.14.250.12, 130.14.250.13, 2607:f220:41e:250::7, ...
Connecting to ftp.ncbi.nlm.nih.gov (ftp.ncbi.nlm.nih.gov)|130.14.250.12|:21... connected.
Logging in as anonymous ... Logged in!
==> SYST ... done.    ==> PWD ... done.
==> TYPE I ... done.  ==> CWD (1) /geo/series/GSE90nnn/GSE90786/soft ... done.
==> SIZE GSE90786_family.soft.gz ... 3963154
==> PASV ... done.    ==> RETR GSE90786_family.soft.gz ... done.
Length: 3963154 (3.8M) (unauthoritative)

     0K .......... .......... .......... .......... ..........  1%  154K 25s
    50K .......... .......... .......... .......... ..........  2%  593K 15s
   100K .......... .......... .......... .......... ..........  3% 11.0M 10s
   150K .......... .......... .......... .......... ..........  5%  624K 9s
   200K .......... .......... .......... .......... ..........  6% 11.1M 7s
   250K .......... .......... .......... .......... ..........  7% 11.1M 6s
   300K .......... .......... .......... .......... ..........  9% 11.4M 5s
   350K .......... .......... .......... .......... .......... 10%  321K 6s
   400K .......... .......... .......... .......... .......... 11% 88.9M 5s
   450K .......... .......... .......... .......... .......... 12% 76.9M 4s
   500K .......... .......... .......... .......... .......... 14% 79.7M 4s
   550K .......... .......... .......... .......... .......... 15% 10.9M 4s
   600K .......... .......... .......... .......... .......... 16% 5.22M 3s
   650K .......... .......... .......... .......... .......... 18%  664K 3s
   700K .......... .......... .......... .......... .......... 19% 5.37M 3s
   750K .......... .......... .......... .......... .......... 20%  665K 3s
   800K .......... .......... .......... .......... .......... 21% 5.40M 3s
   850K .......... .......... .......... .......... .......... 23%  671K 3s
   900K .......... .......... .......... .......... .......... 24% 5.04M 3s
   950K .......... .......... .......... .......... .......... 25%  675K 3s
  1000K .......... .......... .......... .......... .......... 27% 4.94M 3s
  1050K .......... .......... .......... .......... .......... 28%  679K 3s
  1100K .......... .......... .......... .......... .......... 29% 4.72M 3s
  1150K .......... .......... .......... .......... .......... 31%  683K 3s
  1200K .......... .......... .......... .......... .......... 32% 4.57M 2s
  1250K .......... .......... .......... .......... .......... 33%  688K 2s
  1300K .......... .......... .......... .......... .......... 34% 4.97M 2s
  1350K .......... .......... .......... .......... .......... 36%  680K 2s
  1400K .......... .......... .......... .......... .......... 37% 5.15M 2s
  1450K .......... .......... .......... .......... .......... 38%  676K 2s
  1500K .......... .......... .......... .......... .......... 40% 6.12M 2s
  1550K .......... .......... .......... .......... .......... 41%  663K 2s
  1600K .......... .......... .......... .......... .......... 42% 7.32M 2s
  1650K .......... .......... .......... .......... .......... 43% 5.38M 2s
  1700K .......... .......... .......... .......... .......... 45%  681K 2s
  1750K .......... .......... .......... .......... .......... 46% 4.94M 2s
  1800K .......... .......... .......... .......... .......... 47%  686K 2s
  1850K .......... .......... .......... .......... .......... 49% 6.01M 2s
  1900K .......... .......... .......... .......... .......... 50%  675K 2s
  1950K .......... .......... .......... .......... .......... 51% 6.39M 2s
  2000K .......... .......... .......... .......... .......... 52%  662K 2s
  2050K .......... .......... .......... .......... .......... 54% 7.60M 2s
  2100K .......... .......... .......... .......... .......... 55% 5.49M 1s
  2150K .......... .......... .......... .......... .......... 56%  682K 1s
  2200K .......... .......... .......... .......... .......... 58% 5.97M 1s
  2250K .......... .......... .......... .......... .......... 59%  682K 1s
  2300K .......... .......... .......... .......... .......... 60% 6.43M 1s
  2350K .......... .......... .......... .......... .......... 62%  673K 1s
  2400K .......... .......... .......... .......... .......... 63% 6.71M 1s
  2450K .......... .......... .......... .......... .......... 64% 5.87M 1s
  2500K .......... .......... .......... .......... .......... 65%  691K 1s
  2550K .......... .......... .......... .......... .......... 67% 6.45M 1s
  2600K .......... .......... .......... .......... .......... 68%  683K 1s
  2650K .......... .......... .......... .......... .......... 69% 7.83M 1s
  2700K .......... .......... .......... .......... .......... 71% 6.08M 1s
  2750K .......... .......... .......... .......... .......... 72%  691K 1s
  2800K .......... .......... .......... .......... .......... 73% 7.84M 1s
  2850K .......... .......... .......... .......... .......... 74% 6.57M 1s
  2900K .......... .......... .......... .......... .......... 76%  693K 1s
  2950K .......... .......... .......... .......... .......... 77% 8.01M 1s
  3000K .......... .......... .......... .......... .......... 78% 7.58M 1s
  3050K .......... .......... .......... .......... .......... 80%  696K 1s
  3100K .......... .......... .......... .......... .......... 81% 8.13M 1s
  3150K .......... .......... .......... .......... .......... 82% 7.90M 1s
  3200K .......... .......... .......... .......... .......... 83%  699K 0s
  3250K .......... .......... .......... .......... .......... 85% 10.5M 0s
  3300K .......... .......... .......... .......... .......... 86% 7.81M 0s
  3350K .......... .......... .......... .......... .......... 87%  692K 0s
  3400K .......... .......... .......... .......... .......... 89% 10.7M 0s
  3450K .......... .......... .......... .......... .......... 90% 8.31M 0s
  3500K .......... .......... .......... .......... .......... 91%  696K 0s
  3550K .......... .......... .......... .......... .......... 93% 10.2M 0s
  3600K .......... .......... .......... .......... .......... 94% 11.1M 0s
  3650K .......... .......... .......... .......... .......... 95% 8.95M 0s
  3700K .......... .......... .......... .......... .......... 96%  694K 0s
  3750K .......... .......... .......... .......... .......... 98% 11.1M 0s
  3800K .......... .......... .......... .......... .......... 99% 10.6M 0s
  3850K .......... ..........                                 100% 11.8M=2.9s

2023-11-20 21:24:10 (1.32 MB/s) - ‘/export/storage/users/diegocar/SpaceX/results/GSE90786_family.soft.gz’ saved [3963154]

Consulting NCBI GEO...
Consulting GSE71770: 0/8
Consulting GSE71771: 1/8
Consulting GSE173985: 2/8
Consulting GSE36358: 3/8
Consulting GSE27338: 4/8
Consulting GSE90873: 5/8
Consulting GSE32949: 6/8
Consulting GSE90786: 7/8
Parsing metadata...
Building output...
